\BOOKMARK [1][]{section.0.1}{1\040Introduction}{}% 1
\BOOKMARK [2][]{subsection.0.1.1}{1.1\040Problem\040Background}{section.0.1}% 2
\BOOKMARK [2][]{subsection.0.1.2}{1.2\040Our\040work}{section.0.1}% 3
\BOOKMARK [1][]{section.0.2}{2\040Preparation\040of\040the\040Models}{}% 4
\BOOKMARK [2][]{subsection.0.2.1}{2.1\040Assumptions\040and\040Justifications}{section.0.2}% 5
\BOOKMARK [2][]{subsection.0.2.2}{2.2\040Notations}{section.0.2}% 6
\BOOKMARK [1][]{section.0.3}{3\040Task\0401:\040Ball\040Passing\040Network\040Model}{}% 7
\BOOKMARK [2][]{subsection.0.3.1}{3.1\040Construction\040of\040Ball\040Passing\040Network}{section.0.3}% 8
\BOOKMARK [3][]{subsubsection.0.3.1.1}{3.1.1\040Ball\040Passing\040Network}{subsection.0.3.1}% 9
\BOOKMARK [3][]{subsubsection.0.3.1.2}{3.1.2\040Determination\040of\040Network\040Parameter}{subsection.0.3.1}% 10
\BOOKMARK [2][]{subsection.0.3.2}{3.2\040Identification\040of\040Network\040Patterns}{section.0.3}% 11
\BOOKMARK [3][]{subsubsection.0.3.2.1}{3.2.1\040Team\040Formation}{subsection.0.3.2}% 12
\BOOKMARK [3][]{subsubsection.0.3.2.2}{3.2.2\040Dyadic\040and\040Triadic\040Configurations}{subsection.0.3.2}% 13
\BOOKMARK [2][]{subsection.0.3.3}{3.3\040Other\040Structural\040Indicators}{section.0.3}% 14
\BOOKMARK [3][]{subsubsection.0.3.3.1}{3.3.1\040Time\040Scale}{subsection.0.3.3}% 15
\BOOKMARK [3][]{subsubsection.0.3.3.2}{3.3.2\040Region\040Scale}{subsection.0.3.3}% 16
\BOOKMARK [1][]{section.0.4}{4\040Task\0402:\040\040Evaluation\040of\040Successful\040Teamwork}{}% 17
\BOOKMARK [2][]{subsection.0.4.1}{4.1\040Identification\040of\040Performance\040Indicators}{section.0.4}% 18
\BOOKMARK [3][]{subsubsection.0.4.1.1}{4.1.1\040Static\040Layer}{subsection.0.4.1}% 19
\BOOKMARK [3][]{subsubsection.0.4.1.2}{4.1.2\040Dynamic\040Layer}{subsection.0.4.1}% 20
\BOOKMARK [2][]{subsection.0.4.2}{4.2\040Evaluation\040model\040based\040on\040Adversarial\040Regression}{section.0.4}% 21
\BOOKMARK [2][]{subsection.0.4.3}{4.3\040Application\040of\040Evaluation\040Model}{section.0.4}% 22
\BOOKMARK [2][]{subsection.0.4.4}{4.4\040Discussion}{section.0.4}% 23
\BOOKMARK [1][]{section.0.5}{5\040Task\0403:\040Advice\040on\040Improving\040Team\040Success}{}% 24
\BOOKMARK [2][]{subsection.0.5.1}{5.1\040Structural\040Strategy\040Analysis}{section.0.5}% 25
\BOOKMARK [2][]{subsection.0.5.2}{5.2\040Comparison\040with\040Italy\040National\040Team}{section.0.5}% 26
\BOOKMARK [2][]{subsection.0.5.3}{5.3\040Advise\040on\040next\040Season}{section.0.5}% 27
\BOOKMARK [1][]{section.0.6}{6\040Task\0404:\040How\040to\040Design\040more\040Effective\040Teams}{}% 28
\BOOKMARK [2][]{subsection.0.6.1}{6.1\040Generalization\040of\040our\040Model}{section.0.6}% 29
\BOOKMARK [2][]{subsection.0.6.2}{6.2\040Other\040Aspects}{section.0.6}% 30
\BOOKMARK [1][]{section.0.7}{7\040Analysis\040on\040Model's\040Sensitivity}{}% 31
\BOOKMARK [2][]{subsection.0.7.1}{7.1\040Evaluation\040Model\040sensitivity\040to\040Draw\040situations}{section.0.7}% 32
\BOOKMARK [2][]{subsection.0.7.2}{7.2\040Analysis\040on\040performance\040indicator\040Tempo}{section.0.7}% 33
\BOOKMARK [1][]{section.0.8}{8\040Strengths\040and\040Weaknesses}{}% 34
\BOOKMARK [2][]{subsection.0.8.1}{8.1\040Strengths}{section.0.8}% 35
\BOOKMARK [2][]{subsection.0.8.2}{8.2\040Weaknesses}{section.0.8}% 36
\BOOKMARK [1][]{section.0.9}{References}{}% 37
\BOOKMARK [1][]{section*.20}{Appendix:\040Code}{}% 38
